{
  "RSpec": {
    "coverage": {
      "/home/wilson/CSCI3100-Project-Forked/app/helpers/application_helper.rb": {
        "lines": [
          1,
          null
        ]
      },
      "/home/wilson/CSCI3100-Project-Forked/app/helpers/home_helper.rb": {
        "lines": [
          1,
          null
        ]
      },
      "/home/wilson/CSCI3100-Project-Forked/app/models/user.rb": {
        "lines": [
          1,
          null,
          1,
          1,
          null,
          1,
          1,
          null,
          1,
          null,
          1,
          null,
          null,
          null,
          1,
          null,
          null,
          1,
          null,
          1,
          null,
          1,
          132,
          null,
          1,
          null,
          null,
          3,
          null,
          1,
          null,
          107,
          107,
          null,
          null,
          1,
          7,
          7,
          6,
          null,
          null,
          5,
          null,
          null
        ]
      },
      "/home/wilson/CSCI3100-Project-Forked/app/models/application_record.rb": {
        "lines": [
          1,
          1,
          null
        ]
      },
      "/home/wilson/CSCI3100-Project-Forked/app/models/category.rb": {
        "lines": [
          1,
          1,
          null
        ]
      },
      "/home/wilson/CSCI3100-Project-Forked/app/models/product.rb": {
        "lines": [
          1,
          1,
          1,
          1,
          null,
          1,
          1,
          1,
          null,
          1,
          null,
          1,
          1,
          1,
          1,
          null
        ]
      },
      "/home/wilson/CSCI3100-Project-Forked/app/controllers/products_controller.rb": {
        "lines": [
          1,
          null,
          1,
          null,
          null,
          1,
          null,
          null,
          null,
          null,
          1,
          1,
          1,
          null,
          1,
          null,
          1,
          0,
          0,
          null,
          null,
          1,
          1,
          null,
          0,
          null,
          null,
          null,
          null,
          null,
          1,
          1,
          null,
          null,
          null,
          null,
          1,
          21,
          null,
          21,
          18,
          24,
          null,
          null,
          21,
          19,
          19,
          null,
          2,
          null,
          null,
          0,
          null,
          0,
          null,
          null,
          null,
          null,
          1,
          null,
          5,
          2,
          0,
          0,
          null,
          null,
          null,
          null,
          5,
          4,
          4,
          7,
          null,
          4,
          null,
          null,
          5,
          null,
          0,
          null,
          0,
          null,
          null,
          null,
          1,
          1,
          1,
          null,
          0,
          null,
          null,
          null,
          null,
          null,
          1,
          0,
          0,
          0,
          0,
          null,
          null,
          0,
          null,
          0,
          0,
          null,
          0,
          null,
          null,
          0,
          null,
          0,
          null,
          0,
          null,
          null,
          1,
          null,
          null,
          1,
          7,
          null,
          null,
          1,
          23,
          null,
          null,
          null,
          null,
          1,
          0,
          0,
          0,
          null,
          null,
          1,
          null,
          24,
          null,
          null,
          null,
          null,
          null,
          null,
          null,
          null,
          null,
          30,
          null,
          null,
          null,
          null,
          null,
          1,
          30,
          null,
          0,
          null,
          null
        ]
      },
      "/home/wilson/CSCI3100-Project-Forked/app/controllers/application_controller.rb": {
        "lines": [
          1,
          null,
          1,
          null,
          1,
          null,
          1,
          null,
          1,
          null,
          6,
          null,
          null,
          1,
          6,
          6,
          6,
          null,
          0,
          null,
          null,
          null,
          1,
          null,
          null,
          null,
          null
        ]
      },
      "/home/wilson/CSCI3100-Project-Forked/app/models/interest.rb": {
        "lines": [
          1,
          1,
          1,
          null,
          1,
          1,
          null
        ]
      },
      "/home/wilson/CSCI3100-Project-Forked/app/models/price_history.rb": {
        "lines": [
          1,
          1,
          null,
          1,
          null
        ]
      },
      "/home/wilson/CSCI3100-Project-Forked/app/models/chat.rb": {
        "lines": [
          1,
          1,
          1,
          1,
          null,
          1,
          null,
          1,
          null
        ]
      },
      "/home/wilson/CSCI3100-Project-Forked/app/controllers/users_controller.rb": {
        "lines": [
          1,
          1,
          1,
          null,
          null,
          null,
          1,
          4,
          10,
          null,
          null,
          null,
          null,
          1,
          6,
          null,
          null,
          null,
          null,
          1,
          4,
          null,
          null,
          null,
          null,
          null,
          1,
          null,
          13,
          13,
          null,
          9,
          9,
          9,
          9,
          null,
          null,
          4,
          null,
          null,
          null,
          null,
          null,
          1,
          1,
          null,
          null,
          null,
          1,
          null,
          9,
          9,
          null,
          9,
          1,
          1,
          null,
          null,
          8,
          8,
          null,
          null,
          0,
          null,
          null,
          8,
          1,
          1,
          null,
          null,
          7,
          5,
          null,
          2,
          null,
          null,
          null,
          null,
          1,
          null,
          6,
          6,
          1,
          1,
          null,
          null,
          5,
          5,
          null,
          3,
          3,
          3,
          null,
          null,
          null,
          5,
          null,
          null,
          null,
          null,
          null,
          1,
          null,
          11,
          6,
          6,
          null,
          null,
          null,
          11,
          6,
          1,
          1,
          null,
          null,
          null,
          10,
          null,
          null,
          1,
          5,
          5,
          2,
          2,
          null,
          0,
          null,
          null,
          3,
          null,
          null,
          null,
          null,
          1,
          2,
          2,
          null,
          null,
          1,
          null,
          1,
          19,
          null,
          null,
          null,
          1,
          24,
          24,
          null,
          3,
          null,
          null,
          1,
          null,
          24,
          null,
          null,
          null,
          null,
          null,
          null,
          null,
          null,
          24,
          null,
          null,
          null,
          null
        ]
      },
      "/home/wilson/CSCI3100-Project-Forked/app/mailers/user_mailer.rb": {
        "lines": [
          1,
          1,
          null,
          1,
          1,
          1,
          null,
          1,
          null,
          null
        ]
      },
      "/home/wilson/CSCI3100-Project-Forked/app/mailers/application_mailer.rb": {
        "lines": [
          1,
          1,
          1,
          null
        ]
      },
      "/home/wilson/CSCI3100-Project-Forked/app/controllers/sessions_controller.rb": {
        "lines": [
          null,
          1,
          null,
          1,
          8,
          8,
          4,
          null,
          3,
          null,
          1,
          null,
          null,
          null,
          4,
          null,
          null,
          null,
          null,
          1,
          2,
          null,
          null,
          1,
          null,
          1,
          null,
          3,
          null,
          null,
          null,
          null,
          null,
          null,
          null,
          null,
          3,
          null,
          null,
          null
        ]
      },
      "/home/wilson/CSCI3100-Project-Forked/app/controllers/chats_controller.rb": {
        "lines": [
          null,
          null,
          0,
          0,
          null,
          null,
          null,
          0,
          null,
          null,
          null,
          null,
          null,
          null,
          0,
          0,
          0,
          null,
          null,
          0,
          0,
          null,
          null,
          null,
          0,
          null,
          null,
          null,
          null,
          null,
          null,
          null,
          null,
          null,
          null,
          null,
          0,
          0,
          null,
          0,
          0,
          null,
          null,
          null,
          0,
          null,
          null,
          null,
          null,
          null,
          0,
          0,
          0,
          0,
          0,
          null,
          0,
          0,
          null,
          null,
          0,
          0,
          0,
          0,
          null,
          null,
          0,
          0,
          0,
          0,
          0,
          null,
          0,
          0,
          0,
          0,
          null,
          null,
          0,
          0,
          0,
          0,
          0,
          null,
          0,
          0,
          0,
          0,
          0,
          0,
          null,
          0,
          null,
          0,
          0,
          0,
          0,
          0,
          0,
          null,
          null,
          0,
          0,
          0,
          0,
          0,
          0,
          0,
          0,
          0,
          0,
          0,
          0,
          0,
          0,
          0,
          0,
          0,
          null,
          0,
          0,
          0,
          0,
          0,
          0,
          0,
          0,
          0,
          0,
          null,
          null,
          null,
          0,
          0,
          0,
          0,
          0,
          0,
          0,
          0,
          0,
          0,
          0,
          0
        ],
        "branches": {}
      },
      "/home/wilson/CSCI3100-Project-Forked/app/controllers/messages_controller.rb": {
        "lines": [
          0,
          0,
          0,
          0,
          null,
          null,
          null,
          0,
          null,
          null,
          null,
          null,
          null,
          null,
          null,
          null,
          null,
          null,
          null,
          0,
          0,
          0,
          null,
          null,
          null,
          0,
          null,
          null,
          null,
          null,
          null,
          null,
          null,
          null,
          null,
          null,
          0,
          0,
          null,
          null,
          null,
          0,
          null,
          null,
          null,
          null,
          null,
          null,
          null,
          null,
          null,
          null,
          null,
          0,
          0,
          null,
          0,
          0,
          0,
          0,
          0,
          0,
          null,
          null,
          null,
          0,
          null,
          null,
          null,
          null,
          null,
          null,
          null,
          null,
          null,
          null,
          0,
          0,
          0,
          null,
          0,
          null,
          0,
          0,
          0,
          0,
          0,
          0,
          null,
          0,
          0,
          0,
          0,
          0,
          0,
          null,
          0,
          null,
          null,
          0,
          null,
          0,
          0,
          0,
          null,
          0,
          0,
          0,
          0,
          0,
          0,
          0,
          0,
          0,
          0,
          null,
          null,
          null,
          0,
          0,
          0,
          0,
          0,
          0,
          0,
          0,
          0,
          0,
          0,
          0
        ],
        "branches": {}
      },
      "/home/wilson/CSCI3100-Project-Forked/app/controllers/pages_controller.rb": {
        "lines": [
          0,
          null,
          null,
          0,
          null,
          null,
          null,
          0,
          0,
          0
        ],
        "branches": {}
      },
      "/home/wilson/CSCI3100-Project-Forked/app/jobs/application_job.rb": {
        "lines": [
          0,
          null,
          null,
          null,
          null,
          null,
          0
        ],
        "branches": {}
      },
      "/home/wilson/CSCI3100-Project-Forked/app/models/message.rb": {
        "lines": [
          0,
          0,
          0,
          null,
          0,
          null,
          0,
          null,
          0,
          null,
          0,
          null,
          null,
          0,
          0
        ],
        "branches": {}
      }
    },
    "timestamp": 1774360054
  }
}
